npm warn cleanup Failed to remove some directories [
npm warn cleanup   [
npm warn cleanup     '\\\\?\\C:\\Users\\Robel.muluwork\\my-portfolio-next\\node_modules\\@sentry',
npm warn cleanup     [Error: EPERM: operation not permitted, rmdir 'C:\Users\Robel.muluwork\my-portfolio-next\node_modules\@sentry\nextjs\node_modules\resolve\test\resolver\invalid_main'] {
npm warn cleanup       errno: -4048,
npm warn cleanup       code: 'EPERM',
npm warn cleanup       syscall: 'rmdir',
npm warn cleanup       path: 'C:\\Users\\Robel.muluwork\\my-portfolio-next\\node_modules\\@sentry\\nextjs\\node_modules\\resolve\\test\\resolver\\invalid_main'
npm warn cleanup     }
npm warn cleanup   ],
npm warn cleanup   [
npm warn cleanup     '\\\\?\\C:\\Users\\Robel.muluwork\\my-portfolio-next\\node_modules\\@opentelemetry',
npm warn cleanup     [Error: EPERM: operation not permitted, rmdir 'C:\Users\Robel.muluwork\my-portfolio-next\node_modules\@opentelemetry\resources\build\src'] {
npm warn cleanup       errno: -4048,
npm warn cleanup       code: 'EPERM',
npm warn cleanup       syscall: 'rmdir',
npm warn cleanup       path: 'C:\\Users\\Robel.muluwork\\my-portfolio-next\\node_modules\\@opentelemetry\\resources\\build\\src'
npm warn cleanup     }
npm warn cleanup   ]
npm warn cleanup ]
npm error code ECONNRESET
npm error syscall read
npm error errno -4077
npm error network read ECONNRESET
npm error network This is a problem related to network connectivity.
npm error network In most cases you are behind a proxy or have bad network settings.
npm error network
npm error network If you are behind a proxy, please make sure that the
npm error network 'proxy' config is set properly.  See: 'npm help config'
npm error A complete log of this run can be found in: C:\Users\Robel.muluwork\AppData\Local\npm-cache\_logs\2025-04-05T19_02_27_949Z-debug-0.log
